<?xml version="1.0" encoding="UTF-8"?>
<trace:TraceModel
    xmi:version="2.0"
    xmlns:xmi="http://www.omg.org/XMI"
    xmlns:trace="http://www.eclipse.org/gmf/2006/Trace">
  <nodeTraces
      visualID="2007"
      queryText="(let _eClass_:ecore::EClass = modelFacet.metaClass.ecoreClass in _eClass_.ePackage.nsURI = 'http://se.cs.toronto.edu/mmint/MID/Relationship' and _eClass_.name = 'ModelEndpointReference') and (let _containmentMF_:ecore::EStructuralFeature = modelFacet.containmentMetaFeature.ecoreFeature in (let _eClass_:ecore::EClass = _containmentMF_.eContainingClass in _eClass_.ePackage.nsURI = 'http://se.cs.toronto.edu/mmint/MID/Relationship' and _eClass_.name = 'ModelRel') and _containmentMF_.name = 'modelEndpointRefs')">
    <nodeLabelTraces
        visualID="5012"
        queryText="true"/>
    <nodeLabelTraces
        visualID="5019"
        queryText="true"/>
    <compartmentTraces
        visualID="7004"
        queryText="true"/>
  </nodeTraces>
  <nodeTraces
      visualID="2008"
      queryText="(let _eClass_:ecore::EClass = modelFacet.metaClass.ecoreClass in _eClass_.ePackage.nsURI = 'http://se.cs.toronto.edu/mmint/MID/Relationship' and _eClass_.name = 'LinkReference') and (let _containmentMF_:ecore::EStructuralFeature = modelFacet.containmentMetaFeature.ecoreFeature in (let _eClass_:ecore::EClass = _containmentMF_.eContainingClass in _eClass_.ePackage.nsURI = 'http://se.cs.toronto.edu/mmint/MID/Relationship' and _eClass_.name = 'ModelRel') and _containmentMF_.name = 'linkRefs')">
    <nodeLabelTraces
        visualID="5013"
        queryText="true"/>
    <nodeLabelTraces
        visualID="5020"
        queryText="true"/>
  </nodeTraces>
  <nodeTraces
      visualID="2009"
      queryText="(let _eClass_:ecore::EClass = modelFacet.metaClass.ecoreClass in _eClass_.ePackage.nsURI = 'http://se.cs.toronto.edu/mmint/MID/Relationship' and _eClass_.name = 'LinkReference') and (let _containmentMF_:ecore::EStructuralFeature = modelFacet.containmentMetaFeature.ecoreFeature in (let _eClass_:ecore::EClass = _containmentMF_.eContainingClass in _eClass_.ePackage.nsURI = 'http://se.cs.toronto.edu/mmint/MID/Relationship' and _eClass_.name = 'ModelRel') and _containmentMF_.name = 'linkRefs')">
    <nodeLabelTraces
        visualID="5014"
        queryText="true"/>
    <nodeLabelTraces
        visualID="5021"
        queryText="true"/>
  </nodeTraces>
  <nodeTraces
      visualID="2010"
      queryText="(let _eClass_:ecore::EClass = modelFacet.metaClass.ecoreClass in _eClass_.ePackage.nsURI = 'http://se.cs.toronto.edu/mmint/MID/Relationship' and _eClass_.name = 'ModelEndpointReference') and (let _containmentMF_:ecore::EStructuralFeature = modelFacet.containmentMetaFeature.ecoreFeature in (let _eClass_:ecore::EClass = _containmentMF_.eContainingClass in _eClass_.ePackage.nsURI = 'http://se.cs.toronto.edu/mmint/MID/Relationship' and _eClass_.name = 'ModelRel') and _containmentMF_.name = 'modelEndpointRefs')">
    <nodeLabelTraces
        visualID="5017"
        queryText="true"/>
    <nodeLabelTraces
        visualID="5024"
        queryText="true"/>
    <compartmentTraces
        visualID="7005"
        queryText="true"/>
  </nodeTraces>
  <childNodeTraces
      visualID="3005"
      queryText="(let _eClass_:ecore::EClass = modelFacet.metaClass.ecoreClass in _eClass_.ePackage.nsURI = 'http://se.cs.toronto.edu/mmint/MID/Relationship' and _eClass_.name = 'ModelElementReference') and (let _containmentMF_:ecore::EStructuralFeature = modelFacet.containmentMetaFeature.ecoreFeature in (let _eClass_:ecore::EClass = _containmentMF_.eContainingClass in _eClass_.ePackage.nsURI = 'http://se.cs.toronto.edu/mmint/MID/Relationship' and _eClass_.name = 'ModelEndpointReference') and _containmentMF_.name = 'modelElemRefs')">
    <nodeLabelTraces
        visualID="5011"
        queryText="true"/>
    <nodeLabelTraces
        visualID="5018"
        queryText="true"/>
  </childNodeTraces>
  <childNodeTraces
      visualID="3006"
      queryText="(let _eClass_:ecore::EClass = modelFacet.metaClass.ecoreClass in _eClass_.ePackage.nsURI = 'http://se.cs.toronto.edu/mmint/MID/Relationship' and _eClass_.name = 'ModelElementReference') and (let _containmentMF_:ecore::EStructuralFeature = modelFacet.containmentMetaFeature.ecoreFeature in (let _eClass_:ecore::EClass = _containmentMF_.eContainingClass in _eClass_.ePackage.nsURI = 'http://se.cs.toronto.edu/mmint/MID/Relationship' and _eClass_.name = 'ModelEndpointReference') and _containmentMF_.name = 'modelElemRefs')">
    <nodeLabelTraces
        visualID="5015"
        queryText="true"/>
    <nodeLabelTraces
        visualID="5022"
        queryText="true"/>
  </childNodeTraces>
  <childNodeTraces
      visualID="3007"
      queryText="(let _eClass_:ecore::EClass = modelFacet.metaClass.ecoreClass in _eClass_.ePackage.nsURI = 'http://se.cs.toronto.edu/mmint/MID/Relationship' and _eClass_.name = 'ModelElementReference') and (let _containmentMF_:ecore::EStructuralFeature = modelFacet.containmentMetaFeature.ecoreFeature in (let _eClass_:ecore::EClass = _containmentMF_.eContainingClass in _eClass_.ePackage.nsURI = 'http://se.cs.toronto.edu/mmint/MID/Relationship' and _eClass_.name = 'ModelEndpointReference') and _containmentMF_.name = 'modelElemRefs')">
    <nodeLabelTraces
        visualID="5016"
        queryText="true"/>
    <nodeLabelTraces
        visualID="5023"
        queryText="true"/>
  </childNodeTraces>
  <linkTraces
      visualID="4010"
      queryText="modelFacet.oclIsKindOf(gmfgen::FeatureLinkModelFacet) and (let _feature_:ecore::EStructuralFeature = modelFacet.oclAsType(gmfgen::FeatureLinkModelFacet).metaFeature.ecoreFeature in (let _eClass_:ecore::EClass = _feature_.eContainingClass in _eClass_.ePackage.nsURI = 'http://se.cs.toronto.edu/mmint/MID/Relationship' and _eClass_.name = 'ExtendibleElementReference') and _feature_.name = 'supertypeRef')"/>
  <linkTraces
      visualID="4011"
      queryText="modelFacet.oclIsKindOf(gmfgen::TypeLinkModelFacet) and (let _eClass_:ecore::EClass = modelFacet.oclAsType(gmfgen::TypeLinkModelFacet).metaClass.ecoreClass in _eClass_.ePackage.nsURI = 'http://se.cs.toronto.edu/mmint/MID/Relationship' and _eClass_.name = 'ModelElementEndpointReference')">
    <linkLabelTraces
        visualID="6007"
        queryText="true"/>
    <linkLabelTraces
        visualID="6015"
        queryText="true"/>
  </linkTraces>
  <linkTraces
      visualID="4012"
      queryText="modelFacet.oclIsKindOf(gmfgen::TypeLinkModelFacet) and (let _eClass_:ecore::EClass = modelFacet.oclAsType(gmfgen::TypeLinkModelFacet).metaClass.ecoreClass in _eClass_.ePackage.nsURI = 'http://se.cs.toronto.edu/mmint/MID/Relationship' and _eClass_.name = 'BinaryLinkReference')">
    <linkLabelTraces
        visualID="6008"
        queryText="true"/>
    <linkLabelTraces
        visualID="6009"
        queryText="true"/>
    <linkLabelTraces
        visualID="6010"
        queryText="true"/>
    <linkLabelTraces
        visualID="6016"
        queryText="true"/>
  </linkTraces>
  <linkTraces
      visualID="4013"
      queryText="modelFacet.oclIsKindOf(gmfgen::TypeLinkModelFacet) and (let _eClass_:ecore::EClass = modelFacet.oclAsType(gmfgen::TypeLinkModelFacet).metaClass.ecoreClass in _eClass_.ePackage.nsURI = 'http://se.cs.toronto.edu/mmint/MID/Relationship' and _eClass_.name = 'BinaryLinkReference')">
    <linkLabelTraces
        visualID="6011"
        queryText="true"/>
    <linkLabelTraces
        visualID="6012"
        queryText="true"/>
    <linkLabelTraces
        visualID="6013"
        queryText="true"/>
    <linkLabelTraces
        visualID="6017"
        queryText="true"/>
  </linkTraces>
  <linkTraces
      visualID="4014"
      queryText="modelFacet.oclIsKindOf(gmfgen::TypeLinkModelFacet) and (let _eClass_:ecore::EClass = modelFacet.oclAsType(gmfgen::TypeLinkModelFacet).metaClass.ecoreClass in _eClass_.ePackage.nsURI = 'http://se.cs.toronto.edu/mmint/MID/Relationship' and _eClass_.name = 'ModelElementEndpointReference')">
    <linkLabelTraces
        visualID="6014"
        queryText="true"/>
    <linkLabelTraces
        visualID="6018"
        queryText="true"/>
  </linkTraces>
</trace:TraceModel>
