<?xml version="1.0" encoding="UTF-8"?>
<trace:TraceModel
    xmi:version="2.0"
    xmlns:xmi="http://www.omg.org/XMI"
    xmlns:trace="http://www.eclipse.org/gmf/2006/Trace">
  <nodeTraces
      visualID="2011"
      queryText="(let _eClass_:ecore::EClass = modelFacet.metaClass.ecoreClass in _eClass_.ePackage.nsURI = 'http://se.cs.toronto.edu/modelepedia/PowerWindow' and _eClass_.name = 'PushPull') and (let _containmentMF_:ecore::EStructuralFeature = modelFacet.containmentMetaFeature.ecoreFeature in (let _eClass_:ecore::EClass = _containmentMF_.eContainingClass in _eClass_.ePackage.nsURI = 'http://se.cs.toronto.edu/modelepedia/PowerWindow' and _eClass_.name = 'Window') and _containmentMF_.name = 'switches')">
    <nodeLabelTraces
        visualID="5011"
        queryText="true"/>
  </nodeTraces>
  <nodeTraces
      visualID="2012"
      queryText="(let _eClass_:ecore::EClass = modelFacet.metaClass.ecoreClass in _eClass_.ePackage.nsURI = 'http://se.cs.toronto.edu/modelepedia/PowerWindow' and _eClass_.name = 'Rocker') and (let _containmentMF_:ecore::EStructuralFeature = modelFacet.containmentMetaFeature.ecoreFeature in (let _eClass_:ecore::EClass = _containmentMF_.eContainingClass in _eClass_.ePackage.nsURI = 'http://se.cs.toronto.edu/modelepedia/PowerWindow' and _eClass_.name = 'Window') and _containmentMF_.name = 'switches')">
    <nodeLabelTraces
        visualID="5012"
        queryText="true"/>
  </nodeTraces>
  <nodeTraces
      visualID="2013"
      queryText="(let _eClass_:ecore::EClass = modelFacet.metaClass.ecoreClass in _eClass_.ePackage.nsURI = 'http://se.cs.toronto.edu/modelepedia/PowerWindow' and _eClass_.name = 'Infrared') and (let _containmentMF_:ecore::EStructuralFeature = modelFacet.containmentMetaFeature.ecoreFeature in (let _eClass_:ecore::EClass = _containmentMF_.eContainingClass in _eClass_.ePackage.nsURI = 'http://se.cs.toronto.edu/modelepedia/PowerWindow' and _eClass_.name = 'Window') and _containmentMF_.name = 'sensor')">
    <nodeLabelTraces
        visualID="5013"
        queryText="true"/>
  </nodeTraces>
  <nodeTraces
      visualID="2014"
      queryText="(let _eClass_:ecore::EClass = modelFacet.metaClass.ecoreClass in _eClass_.ePackage.nsURI = 'http://se.cs.toronto.edu/modelepedia/PowerWindow' and _eClass_.name = 'LockOut') and (let _containmentMF_:ecore::EStructuralFeature = modelFacet.containmentMetaFeature.ecoreFeature in (let _eClass_:ecore::EClass = _containmentMF_.eContainingClass in _eClass_.ePackage.nsURI = 'http://se.cs.toronto.edu/modelepedia/PowerWindow' and _eClass_.name = 'Window') and _containmentMF_.name = 'switches')">
    <nodeLabelTraces
        visualID="5014"
        queryText="true"/>
  </nodeTraces>
  <nodeTraces
      visualID="2015"
      queryText="(let _eClass_:ecore::EClass = modelFacet.metaClass.ecoreClass in _eClass_.ePackage.nsURI = 'http://se.cs.toronto.edu/modelepedia/PowerWindow' and _eClass_.name = 'ForceDetecting') and (let _containmentMF_:ecore::EStructuralFeature = modelFacet.containmentMetaFeature.ecoreFeature in (let _eClass_:ecore::EClass = _containmentMF_.eContainingClass in _eClass_.ePackage.nsURI = 'http://se.cs.toronto.edu/modelepedia/PowerWindow' and _eClass_.name = 'Window') and _containmentMF_.name = 'sensor')">
    <nodeLabelTraces
        visualID="5015"
        queryText="true"/>
  </nodeTraces>
</trace:TraceModel>
