<?xml version="1.0" encoding="UTF-8"?>
<trace:TraceModel
    xmi:version="2.0"
    xmlns:xmi="http://www.omg.org/XMI"
    xmlns:trace="http://www.eclipse.org/gmf/2006/Trace">
  <nodeTraces
      visualID="2006"
      queryText="(let _eClass_:ecore::EClass = modelFacet.metaClass.ecoreClass in _eClass_.ePackage.nsURI = 'http://se.cs.toronto.edu/modelepedia/powerwindow' and _eClass_.name = 'PushPull') and (let _containmentMF_:ecore::EStructuralFeature = modelFacet.containmentMetaFeature.ecoreFeature in (let _eClass_:ecore::EClass = _containmentMF_.eContainingClass in _eClass_.ePackage.nsURI = 'http://se.cs.toronto.edu/modelepedia/powerwindow' and _eClass_.name = 'Window') and _containmentMF_.name = 'switches')">
    <nodeLabelTraces
        visualID="5006"
        queryText="true"/>
  </nodeTraces>
  <nodeTraces
      visualID="2007"
      queryText="(let _eClass_:ecore::EClass = modelFacet.metaClass.ecoreClass in _eClass_.ePackage.nsURI = 'http://se.cs.toronto.edu/modelepedia/powerwindow' and _eClass_.name = 'Rocker') and (let _containmentMF_:ecore::EStructuralFeature = modelFacet.containmentMetaFeature.ecoreFeature in (let _eClass_:ecore::EClass = _containmentMF_.eContainingClass in _eClass_.ePackage.nsURI = 'http://se.cs.toronto.edu/modelepedia/powerwindow' and _eClass_.name = 'Window') and _containmentMF_.name = 'switches')">
    <nodeLabelTraces
        visualID="5007"
        queryText="true"/>
  </nodeTraces>
  <nodeTraces
      visualID="2008"
      queryText="(let _eClass_:ecore::EClass = modelFacet.metaClass.ecoreClass in _eClass_.ePackage.nsURI = 'http://se.cs.toronto.edu/modelepedia/powerwindow' and _eClass_.name = 'Infrared') and (let _containmentMF_:ecore::EStructuralFeature = modelFacet.containmentMetaFeature.ecoreFeature in (let _eClass_:ecore::EClass = _containmentMF_.eContainingClass in _eClass_.ePackage.nsURI = 'http://se.cs.toronto.edu/modelepedia/powerwindow' and _eClass_.name = 'Window') and _containmentMF_.name = 'sensor')">
    <nodeLabelTraces
        visualID="5008"
        queryText="true"/>
  </nodeTraces>
  <nodeTraces
      visualID="2009"
      queryText="(let _eClass_:ecore::EClass = modelFacet.metaClass.ecoreClass in _eClass_.ePackage.nsURI = 'http://se.cs.toronto.edu/modelepedia/powerwindow' and _eClass_.name = 'LockOut') and (let _containmentMF_:ecore::EStructuralFeature = modelFacet.containmentMetaFeature.ecoreFeature in (let _eClass_:ecore::EClass = _containmentMF_.eContainingClass in _eClass_.ePackage.nsURI = 'http://se.cs.toronto.edu/modelepedia/powerwindow' and _eClass_.name = 'Window') and _containmentMF_.name = 'switches')">
    <nodeLabelTraces
        visualID="5009"
        queryText="true"/>
  </nodeTraces>
  <nodeTraces
      visualID="2010"
      queryText="(let _eClass_:ecore::EClass = modelFacet.metaClass.ecoreClass in _eClass_.ePackage.nsURI = 'http://se.cs.toronto.edu/modelepedia/powerwindow' and _eClass_.name = 'ForceDetecting') and (let _containmentMF_:ecore::EStructuralFeature = modelFacet.containmentMetaFeature.ecoreFeature in (let _eClass_:ecore::EClass = _containmentMF_.eContainingClass in _eClass_.ePackage.nsURI = 'http://se.cs.toronto.edu/modelepedia/powerwindow' and _eClass_.name = 'Window') and _containmentMF_.name = 'sensor')">
    <nodeLabelTraces
        visualID="5010"
        queryText="true"/>
  </nodeTraces>
</trace:TraceModel>
